HTTP::Server::PSGI: Accepting connections at http://0:5000/
Failed open /tmp/obfusucated-php-detector/tracelog/b374k.php : そのようなファイルやディレクトリはありません
 at /home/k0u5uk3/obfusucated-php-detector/server/observ.psgi line 79
	Plack::Sandbox::_2fhome_2fk0u5uk3_2fobfusucated_2dphp_2ddetector_2fserver_2fobserv_2epsgi::parse_tracelog('ARRAY(0x1b4b800)') called at /home/k0u5uk3/obfusucated-php-detector/server/observ.psgi line 204
	Plack::Sandbox::_2fhome_2fk0u5uk3_2fobfusucated_2dphp_2ddetector_2fserver_2fobserv_2epsgi::__ANON__('HASH(0x19ea5c0)') called at /usr/share/perl5/Plack/Middleware/Lint.pm line 24
	Plack::Middleware::Lint::call('Plack::Middleware::Lint=HASH(0xe3a778)', 'HASH(0x19ea5c0)') called at /usr/share/perl5/Plack/Component.pm line 50
	Plack::Middleware::StackTrace::try {...}  at /usr/share/perl5/Try/Tiny.pm line 79
	eval {...} at /usr/share/perl5/Try/Tiny.pm line 72
	Plack::Middleware::StackTrace::call('Plack::Middleware::StackTrace=HASH(0x1295c80)', 'HASH(0x19ea5c0)') called at /usr/share/perl5/Plack/Component.pm line 50
	Plack::Component::__ANON__('HASH(0x19ea5c0)') called at /usr/share/perl5/Plack/Middleware/AccessLog.pm line 24
	Plack::Middleware::AccessLog::call('Plack::Middleware::AccessLog=HASH(0x19487b8)', 'HASH(0x19ea5c0)') called at /usr/share/perl5/Plack/Component.pm line 50
	Plack::Component::__ANON__('HASH(0x19ea5c0)') called at /usr/share/perl5/Plack/Middleware/ContentLength.pm line 10
	Plack::Middleware::ContentLength::call('Plack::Middleware::ContentLength=HASH(0x1442fe8)', 'HASH(0x19ea5c0)') called at /usr/share/perl5/Plack/Component.pm line 50
	Plack::Component::__ANON__('HASH(0x19ea5c0)') called at /usr/share/perl5/Plack/Util.pm line 142
	eval {...} at /usr/share/perl5/Plack/Util.pm line 142
	Plack::Util::run_app('CODE(0x19ce9f8)', 'HASH(0x19ea5c0)') called at /usr/share/perl5/HTTP/Server/PSGI.pm line 170
	HTTP::Server::PSGI::handle_connection('HTTP::Server::PSGI=HASH(0x19ce8a8)', 'HASH(0x19ea5c0)', 'IO::Socket::INET=GLOB(0x18ca3a0)', 'CODE(0x19ce9f8)') called at /usr/share/perl5/HTTP/Server/PSGI.pm line 129
	HTTP::Server::PSGI::accept_loop('HTTP::Server::PSGI=HASH(0x19ce8a8)', 'CODE(0x10496b8)') called at /usr/share/perl5/HTTP/Server/PSGI.pm line 55
	HTTP::Server::PSGI::run('HTTP::Server::PSGI=HASH(0x19ce8a8)', 'CODE(0x10496b8)') called at /usr/share/perl5/Plack/Handler/HTTP/Server/PSGI.pm line 14
	Plack::Handler::HTTP::Server::PSGI::run('Plack::Handler::Standalone=HASH(0x1442b98)', 'CODE(0x10496b8)') called at /usr/share/perl5/Plack/Loader.pm line 84
	Plack::Loader::run('Plack::Loader=HASH(0xa87bf0)', 'Plack::Handler::Standalone=HASH(0x1442b98)') called at /usr/share/perl5/Plack/Runner.pm line 277
	Plack::Runner::run('Plack::Runner=HASH(0x895a60)') called at /usr/bin/plackup line 10
192.168.75.29 - - [22/Jun/2015:21:04:42 +0900] "POST / HTTP/1.1" 500 2805 "-" "libwww-perl/6.05"
HTTP::Server::PSGI: Accepting connections at http://0:5000/
Failed open /tmp/obfusucated-php-detector/tracelog/b374k.php : そのようなファイルやディレクトリはありません
 at /home/k0u5uk3/obfusucated-php-detector/server/observ.psgi line 79
	Plack::Sandbox::_2fhome_2fk0u5uk3_2fobfusucated_2dphp_2ddetector_2fserver_2fobserv_2epsgi::parse_tracelog('ARRAY(0x2336758)') called at /home/k0u5uk3/obfusucated-php-detector/server/observ.psgi line 204
	Plack::Sandbox::_2fhome_2fk0u5uk3_2fobfusucated_2dphp_2ddetector_2fserver_2fobserv_2epsgi::__ANON__('HASH(0x15d1c10)') called at /usr/share/perl5/Plack/Middleware/Lint.pm line 24
	Plack::Middleware::Lint::call('Plack::Middleware::Lint=HASH(0x1625758)', 'HASH(0x15d1c10)') called at /usr/share/perl5/Plack/Component.pm line 50
	Plack::Middleware::StackTrace::try {...}  at /usr/share/perl5/Try/Tiny.pm line 79
	eval {...} at /usr/share/perl5/Try/Tiny.pm line 72
	Plack::Middleware::StackTrace::call('Plack::Middleware::StackTrace=HASH(0x1a80d50)', 'HASH(0x15d1c10)') called at /usr/share/perl5/Plack/Component.pm line 50
	Plack::Component::__ANON__('HASH(0x15d1c10)') called at /usr/share/perl5/Plack/Middleware/AccessLog.pm line 24
	Plack::Middleware::AccessLog::call('Plack::Middleware::AccessLog=HASH(0x20b52c0)', 'HASH(0x15d1c10)') called at /usr/share/perl5/Plack/Component.pm line 50
	Plack::Component::__ANON__('HASH(0x15d1c10)') called at /usr/share/perl5/Plack/Middleware/ContentLength.pm line 10
	Plack::Middleware::ContentLength::call('Plack::Middleware::ContentLength=HASH(0x21b9b30)', 'HASH(0x15d1c10)') called at /usr/share/perl5/Plack/Component.pm line 50
	Plack::Component::__ANON__('HASH(0x15d1c10)') called at /usr/share/perl5/Plack/Util.pm line 142
	eval {...} at /usr/share/perl5/Plack/Util.pm line 142
	Plack::Util::run_app('CODE(0x21b98d8)', 'HASH(0x15d1c10)') called at /usr/share/perl5/HTTP/Server/PSGI.pm line 170
	HTTP::Server::PSGI::handle_connection('HTTP::Server::PSGI=HASH(0x21b9788)', 'HASH(0x15d1c10)', 'IO::Socket::INET=GLOB(0x1c605e0)', 'CODE(0x21b98d8)') called at /usr/share/perl5/HTTP/Server/PSGI.pm line 129
	HTTP::Server::PSGI::accept_loop('HTTP::Server::PSGI=HASH(0x21b9788)', 'CODE(0x20c6a98)') called at /usr/share/perl5/HTTP/Server/PSGI.pm line 55
	HTTP::Server::PSGI::run('HTTP::Server::PSGI=HASH(0x21b9788)', 'CODE(0x20c6a98)') called at /usr/share/perl5/Plack/Handler/HTTP/Server/PSGI.pm line 14
	Plack::Handler::HTTP::Server::PSGI::run('Plack::Handler::Standalone=HASH(0x1c2fcf8)', 'CODE(0x20c6a98)') called at /usr/share/perl5/Plack/Loader.pm line 84
	Plack::Loader::run('Plack::Loader=HASH(0x1272ca0)', 'Plack::Handler::Standalone=HASH(0x1c2fcf8)') called at /usr/share/perl5/Plack/Runner.pm line 277
	Plack::Runner::run('Plack::Runner=HASH(0x1080a70)') called at /usr/bin/plackup line 10
192.168.75.29 - - [22/Jun/2015:21:07:44 +0900] "POST / HTTP/1.1" 500 2808 "-" "libwww-perl/6.05"
HTTP::Server::PSGI: Accepting connections at http://0:5000/
Failed open /tmp/obfusucated-php-detector/tracelog/b374k.php : そのようなファイルやディレクトリはありません
 at /home/k0u5uk3/obfusucated-php-detector/server/observ.psgi line 79
	Plack::Sandbox::_2fhome_2fk0u5uk3_2fobfusucated_2dphp_2ddetector_2fserver_2fobserv_2epsgi::parse_tracelog('ARRAY(0x34e29f0)') called at /home/k0u5uk3/obfusucated-php-detector/server/observ.psgi line 204
	Plack::Sandbox::_2fhome_2fk0u5uk3_2fobfusucated_2dphp_2ddetector_2fserver_2fobserv_2epsgi::__ANON__('HASH(0x3187b80)') called at /usr/share/perl5/Plack/Middleware/Lint.pm line 24
	Plack::Middleware::Lint::call('Plack::Middleware::Lint=HASH(0x27d1698)', 'HASH(0x3187b80)') called at /usr/share/perl5/Plack/Component.pm line 50
	Plack::Middleware::StackTrace::try {...}  at /usr/share/perl5/Try/Tiny.pm line 79
	eval {...} at /usr/share/perl5/Try/Tiny.pm line 72
	Plack::Middleware::StackTrace::call('Plack::Middleware::StackTrace=HASH(0x2c2cd50)', 'HASH(0x3187b80)') called at /usr/share/perl5/Plack/Component.pm line 50
	Plack::Component::__ANON__('HASH(0x3187b80)') called at /usr/share/perl5/Plack/Middleware/AccessLog.pm line 24
	Plack::Middleware::AccessLog::call('Plack::Middleware::AccessLog=HASH(0x3272c58)', 'HASH(0x3187b80)') called at /usr/share/perl5/Plack/Component.pm line 50
	Plack::Component::__ANON__('HASH(0x3187b80)') called at /usr/share/perl5/Plack/Middleware/ContentLength.pm line 10
	Plack::Middleware::ContentLength::call('Plack::Middleware::ContentLength=HASH(0x27c3a78)', 'HASH(0x3187b80)') called at /usr/share/perl5/Plack/Component.pm line 50
	Plack::Component::__ANON__('HASH(0x3187b80)') called at /usr/share/perl5/Plack/Util.pm line 142
	eval {...} at /usr/share/perl5/Plack/Util.pm line 142
	Plack::Util::run_app('CODE(0x3365a98)', 'HASH(0x3187b80)') called at /usr/share/perl5/HTTP/Server/PSGI.pm line 170
	HTTP::Server::PSGI::handle_connection('HTTP::Server::PSGI=HASH(0x3365948)', 'HASH(0x3187b80)', 'IO::Socket::INET=GLOB(0x26e1150)', 'CODE(0x3365a98)') called at /usr/share/perl5/HTTP/Server/PSGI.pm line 129
	HTTP::Server::PSGI::accept_loop('HTTP::Server::PSGI=HASH(0x3365948)', 'CODE(0x334dc98)') called at /usr/share/perl5/HTTP/Server/PSGI.pm line 55
	HTTP::Server::PSGI::run('HTTP::Server::PSGI=HASH(0x3365948)', 'CODE(0x334dc98)') called at /usr/share/perl5/Plack/Handler/HTTP/Server/PSGI.pm line 14
	Plack::Handler::HTTP::Server::PSGI::run('Plack::Handler::Standalone=HASH(0x27c3628)', 'CODE(0x334dc98)') called at /usr/share/perl5/Plack/Loader.pm line 84
	Plack::Loader::run('Plack::Loader=HASH(0x241eb10)', 'Plack::Handler::Standalone=HASH(0x27c3628)') called at /usr/share/perl5/Plack/Runner.pm line 277
	Plack::Runner::run('Plack::Runner=HASH(0x222ca70)') called at /usr/bin/plackup line 10
192.168.75.29 - - [22/Jun/2015:21:12:41 +0900] "POST / HTTP/1.1" 500 2808 "-" "libwww-perl/6.05"
